<?xml version="1.0" encoding="UTF-8"?>
<!-- Generated by org.testng.reporters.JUnitReportReporter -->
<testsuite hostname="MBA-SG20-110" failures="0" tests="1" name="AutoMate.UpdateReview" time="4.924" errors="0" timestamp="2023-04-19T16:25:15 IST" skipped="0">
  <testcase classname="AutoMate.UpdateReview" name="test" time="4.924"/>
  <system-out/>
</testsuite> <!-- AutoMate.UpdateReview -->
