<?xml version="1.0" encoding="UTF-8"?>
<!-- Generated by org.testng.reporters.JUnitReportReporter -->
<testsuite hostname="MBA-SG20-110" failures="0" tests="1" name="AutoMate.GetReview" time="5.208" errors="0" timestamp="2023-04-19T16:09:34 IST" skipped="0">
  <testcase classname="AutoMate.GetReview" name="test" time="5.208"/>
  <system-out/>
</testsuite> <!-- AutoMate.GetReview -->
