<?xml version="1.0" encoding="UTF-8"?>
<!-- Generated by org.testng.reporters.JUnitReportReporter -->
<testsuite hostname="MBA-SG20-110" failures="0" tests="1" name="AutoMate.getProducts" time="5.455" errors="0" timestamp="2023-04-19T16:46:21 IST" skipped="0">
  <testcase classname="AutoMate.getProducts" name="test" time="5.455"/>
  <system-out/>
</testsuite> <!-- AutoMate.getProducts -->
