<?xml version="1.0" encoding="UTF-8"?>
<!-- Generated by org.testng.reporters.JUnitReportReporter -->
<testsuite hostname="MBA-SG20-110" failures="0" tests="1" name="shopperProductReviewModule.getProducts" time="7.680" errors="0" timestamp="2023-04-19T17:34:05 IST" skipped="0">
  <testcase classname="shopperProductReviewModule.getProducts" name="test" time="7.680"/>
  <system-out/>
</testsuite> <!-- shopperProductReviewModule.getProducts -->
