<?xml version="1.0" encoding="UTF-8"?>
<!-- Generated by org.testng.reporters.JUnitReportReporter -->
<testsuite hostname="MBA-SG20-110" failures="0" tests="1" name="AutoMate.deleteReview" time="5.114" errors="0" timestamp="2023-04-19T16:30:40 IST" skipped="0">
  <testcase classname="AutoMate.deleteReview" name="test" time="5.114"/>
  <system-out/>
</testsuite> <!-- AutoMate.deleteReview -->
