<?xml version="1.0" encoding="UTF-8"?>
<!-- Generated by org.testng.reporters.JUnitReportReporter -->
<testsuite hostname="MBA-SG20-110" failures="0" tests="1" name="AutoMate.Shopper_Product_Review" time="5.694" errors="0" timestamp="2023-04-19T16:03:36 IST" skipped="0">
  <testcase classname="AutoMate.Shopper_Product_Review" name="test" time="5.694"/>
  <system-out/>
</testsuite> <!-- AutoMate.Shopper_Product_Review -->
