<?xml version="1.0" encoding="UTF-8"?>
<!-- Generated by org.testng.reporters.JUnitReportReporter -->
<testsuite hostname="MBA-SG20-110" failures="0" tests="1" name="AutoMate.getMerchant" time="5.108" errors="0" timestamp="2023-04-19T15:30:03 IST" skipped="0">
  <testcase classname="AutoMate.getMerchant" name="test" time="5.108"/>
  <system-out/>
</testsuite> <!-- AutoMate.getMerchant -->
