<?xml version="1.0" encoding="UTF-8"?>
<!-- Generated by org.testng.reporters.JUnitReportReporter -->
<testsuite hostname="MBA-SG20-110" failures="0" tests="1" name="shopperProductReviewModule.postReview" time="5.331" errors="0" timestamp="2023-04-19T17:48:04 IST" skipped="0">
  <testcase classname="shopperProductReviewModule.postReview" name="test" time="5.331"/>
  <system-out/>
</testsuite> <!-- shopperProductReviewModule.postReview -->
