<?xml version="1.0" encoding="UTF-8"?>
<!-- Generated by org.testng.reporters.JUnitReportReporter -->
<testsuite hostname="MBA-SG20-110" failures="0" tests="1" name="shopperProductReviewModule.GetReview" time="5.115" errors="0" timestamp="2023-04-19T17:28:01 IST" skipped="0">
  <testcase classname="shopperProductReviewModule.GetReview" name="test" time="5.115"/>
  <system-out/>
</testsuite> <!-- shopperProductReviewModule.GetReview -->
